<<<<<<< HEAD
<<<<<<< HEAD
[ERC20 Contract API] [2025-05-21 08:55:47] [INFO] - INITIALIZING CONTROLLERS
[Default] [2025-05-21 08:55:47] [INFO] - STARTING APPLICATION
[ERC20 Contract API] [2025-05-21 08:55:47] [INFO] - STARTING API EXPOSITION
[Default] [2025-05-21 08:55:47] [INFO] - BOOTSTRAPING APPLICATION
[ERC20 Contract API] [2025-05-21 08:55:47] [INFO] - STARTING API
[ERC20 Contract API] [2025-05-21 08:55:47] [INFO] - Express server running on port 3000...
[ERC20 Contract API] [2025-05-21 08:55:50] [INFO] - POST /requestTransfer
[ERC20 Contract API] [2025-05-21 08:55:50] [INFO] - INITIALIZING SERVICES  ---      Transfer
[ERC20 Contract API] [2025-05-21 08:55:50] [INFO] - Loading contract file from ./contracts.json...
[ERC20 Contract API] [2025-05-21 08:55:50] [INFO] - Loading 7 contracts...
[ERC20 Contract API] [2025-05-21 08:55:50] [INFO] - Loaded 7 contracts successfully.
[ERC20 Contract API] [2025-05-21 08:55:52] [INFO] - Waiting for confirmations
[ERC20 Contract API] [2025-05-21 08:56:06] [INFO] - POST /requestTransfer
[ERC20 Contract API] [2025-05-21 08:56:06] [INFO] - INITIALIZING SERVICES  ---      Transfer
[ERC20 Contract API] [2025-05-21 08:56:06] [INFO] - Loading contract file from ./contracts.json...
[ERC20 Contract API] [2025-05-21 08:56:06] [INFO] - Loading 7 contracts...
[ERC20 Contract API] [2025-05-21 08:56:06] [INFO] - Loaded 7 contracts successfully.
[ERC20 Contract API] [2025-05-21 08:56:08] [INFO] - Waiting for confirmations
[ERC20 Contract API] [2025-05-21 08:56:33] [INFO] - POST /requestTransfer
[ERC20 Contract API] [2025-05-21 08:56:33] [INFO] - INITIALIZING SERVICES  ---      Transfer
[ERC20 Contract API] [2025-05-21 08:56:33] [INFO] - Loading contract file from ./contracts.json...
[ERC20 Contract API] [2025-05-21 08:56:33] [INFO] - Loading 7 contracts...
[ERC20 Contract API] [2025-05-21 08:56:33] [INFO] - Loaded 7 contracts successfully.
[ERC20 Contract API] [2025-05-21 08:56:36] [INFO] - Waiting for confirmations
[Default] [2025-05-21 08:56:48] [INFO] - STARTING APPLICATION
[ERC20 Contract API] [2025-05-21 08:56:48] [INFO] - INITIALIZING CONTROLLERS
[Default] [2025-05-21 08:56:48] [INFO] - BOOTSTRAPING APPLICATION
[ERC20 Contract API] [2025-05-21 08:56:48] [INFO] - STARTING API EXPOSITION
[ERC20 Contract API] [2025-05-21 08:56:48] [INFO] - STARTING API
[ERC20 Contract API] [2025-05-21 08:56:48] [INFO] - Express server running on port 3000...
[ERC20 Contract API] [2025-05-21 08:57:01] [INFO] - POST /requestTransfer
[ERC20 Contract API] [2025-05-21 08:57:01] [INFO] - INITIALIZING SERVICES  ---      Transfer
[ERC20 Contract API] [2025-05-21 08:57:01] [INFO] - Loading contract file from ./contracts.json...
[ERC20 Contract API] [2025-05-21 08:57:01] [INFO] - Loading 7 contracts...
[ERC20 Contract API] [2025-05-21 08:57:01] [INFO] - Loaded 7 contracts successfully.
[ERC20 Contract API] [2025-05-21 08:57:03] [INFO] - Waiting for confirmations
[ERC20 Contract API] [2025-05-21 08:57:08] [ERROR] - Error: transaction execution reverted (action="sendTransaction", data=null, reason=null, invocation=null, revert=null, transaction={ "data": "", "from": "0x86DF4B738D592c31F4A9A657D6c8d6D05DC1D462", "to": "0xf8Ea46221cDc412Adc61B1c6d8d08B70C0eB798C" }, receipt={ "_type": "TransactionReceipt", "blobGasPrice": null, "blobGasUsed": null, "blockHash": "0xbe4711e8f1810106d4f788b49d88b474c38f2a94d4e401ebb67997e8f629c348", "blockNumber": 21929138, "contractAddress": null, "cumulativeGasUsed": "30462", "from": "0x86DF4B738D592c31F4A9A657D6c8d6D05DC1D462", "gasPrice": "30000000000", "gasUsed": "30462", "hash": "0xe60a9d227b6484e6c04057a9fac25c59c15c134a8325f59330c4708c17206f3d", "index": 0, "logs": [ { "_type": "log", "address": "0x0000000000000000000000000000000000001010", "blockHash": "0xbe4711e8f1810106d4f788b49d88b474c38f2a94d4e401ebb67997e8f629c348", "blockNumber": 21929138, "data": "0x00000000000000000000000000000000000000000000000000033f269ca5af1e000000000000000000000000000000000000000000000000655a80a0856ead8b00000000000000000000000000000000000000000000081722c684fe76c6699c00000000000000000000000000000000000000000000000065574179e8c8fe6d00000000000000000000000000000000000000000000081722c9c425136c18ba", "index": 0, "removed": null, "topics": [ "0x4dfe1bbbcf077ddc3e01291eea2d5c70c2b422b415d95645b9adcfd678cb1d63", "0x0000000000000000000000000000000000000000000000000000000000001010", "0x00000000000000000000000086df4b738d592c31f4a9a657d6c8d6d05dc1d462", "0x000000000000000000000000915a2284d28bd93de7d6f31173b981204bb666e6" ], "transactionHash": "0xe60a9d227b6484e6c04057a9fac25c59c15c134a8325f59330c4708c17206f3d", "transactionIndex": 0 } ], "logsBloom": "0x00000000000000000010000000000000000000000000000000000000000000000000000000000000000000000000000000008000000000000000000000000000000000000000000000000080000000800000000000000000000100000000000000000000000000000000000000000000000000000000000080000000000000000000000000000000000000000000000000000000000000000000000000000000200000000000000000000000000000000000000000000000000000000000004000000000000000000001000000000000000002000000000000100000001000000000000000000000000000000000000000000000400000040000000000100000", "root": null, "status": 0, "to": "0xf8Ea46221cDc412Adc61B1c6d8d08B70C0eB798C" }, code=CALL_EXCEPTION, version=6.13.2)
[ERC20 Contract API] [2025-05-21 08:57:19] [INFO] - POST /requestTransfer
[ERC20 Contract API] [2025-05-21 08:57:19] [INFO] - INITIALIZING SERVICES  ---      Transfer
[ERC20 Contract API] [2025-05-21 08:57:19] [INFO] - Loading contract file from ./contracts.json...
[ERC20 Contract API] [2025-05-21 08:57:19] [INFO] - Loading 7 contracts...
[ERC20 Contract API] [2025-05-21 08:57:19] [INFO] - Loaded 7 contracts successfully.
[ERC20 Contract API] [2025-05-21 08:57:20] [INFO] - Waiting for confirmations
[ERC20 Contract API] [2025-05-21 08:57:38] [INFO] - POST /requestTransfer
[ERC20 Contract API] [2025-05-21 08:57:38] [INFO] - INITIALIZING SERVICES  ---      Transfer
[ERC20 Contract API] [2025-05-21 08:57:38] [INFO] - Loading contract file from ./contracts.json...
[ERC20 Contract API] [2025-05-21 08:57:38] [INFO] - Loading 7 contracts...
[ERC20 Contract API] [2025-05-21 08:57:38] [INFO] - Loaded 7 contracts successfully.
[ERC20 Contract API] [2025-05-21 08:57:40] [INFO] - Waiting for confirmations
[ERC20 Contract API] [2025-05-21 08:57:45] [ERROR] - Error: transaction execution reverted (action="sendTransaction", data=null, reason=null, invocation=null, revert=null, transaction={ "data": "", "from": "0x86DF4B738D592c31F4A9A657D6c8d6D05DC1D462", "to": "0xf8Ea46221cDc412Adc61B1c6d8d08B70C0eB798C" }, receipt={ "_type": "TransactionReceipt", "blobGasPrice": null, "blobGasUsed": null, "blockHash": "0x53711a2becea217cc09632b5cea885bfef59f4b4a8d00a6aed7cfc67c75654d6", "blockNumber": 21929156, "contractAddress": null, "cumulativeGasUsed": "30462", "from": "0x86DF4B738D592c31F4A9A657D6c8d6D05DC1D462", "gasPrice": "30000000000", "gasUsed": "30462", "hash": "0xfac99c9d61017ecb757076e6197906e41207ac7fcec94098c430df4763144fc5", "index": 0, "logs": [ { "_type": "log", "address": "0x0000000000000000000000000000000000001010", "blockHash": "0x53711a2becea217cc09632b5cea885bfef59f4b4a8d00a6aed7cfc67c75654d6", "blockNumber": 21929156, "data": "0x00000000000000000000000000000000000000000000000000033f269ca5af1e00000000000000000000000000000000000000000000000065574179e8c2058b00000000000000000000000000000000000000000000013701bc20e73f85febb000000000000000000000000000000000000000000000000655402534c1c566d00000000000000000000000000000000000000000000013701bf600ddc2badd9", "index": 0, "removed": null, "topics": [ "0x4dfe1bbbcf077ddc3e01291eea2d5c70c2b422b415d95645b9adcfd678cb1d63", "0x0000000000000000000000000000000000000000000000000000000000001010", "0x00000000000000000000000086df4b738d592c31f4a9a657d6c8d6d05dc1d462", "0x0000000000000000000000006c095a53250dd250797ff915a716cca690ad8842" ], "transactionHash": "0xfac99c9d61017ecb757076e6197906e41207ac7fcec94098c430df4763144fc5", "transactionIndex": 0 } ], "logsBloom": "0x00000000000000000000000000000000000000000000000000000000000000000000000000000000000000000000000000008000000000000000000000000000000000000000000000000080000000800000000000000000000100000000000000000000000000000000000000000000000000000000040080000000000000000000000000000000400000000000000000000000000000000000000000000000200000000000000000008000000000000000000000000000000000000000004000000000000000000001000000000000000000000000000000100000001000000000000000000000000000000000000000000000000000040000000000100000", "root": null, "status": 0, "to": "0xf8Ea46221cDc412Adc61B1c6d8d08B70C0eB798C" }, code=CALL_EXCEPTION, version=6.13.2)
[ERC20 Contract API] [2025-05-21 08:57:54] [INFO] - POST /requestTransfer
[ERC20 Contract API] [2025-05-21 08:57:54] [INFO] - INITIALIZING SERVICES  ---      Transfer
[ERC20 Contract API] [2025-05-21 08:57:54] [INFO] - Loading contract file from ./contracts.json...
[ERC20 Contract API] [2025-05-21 08:57:54] [INFO] - Loading 7 contracts...
[ERC20 Contract API] [2025-05-21 08:57:54] [INFO] - Loaded 7 contracts successfully.
[ERC20 Contract API] [2025-05-21 08:57:56] [INFO] - Waiting for confirmations
[ERC20 Contract API] [2025-05-21 08:57:57] [ERROR] - Error: could not coalesce error (error={ "code": 19, "message": "Unable to perform request" }, payload={ "id": 14, "jsonrpc": "2.0", "method": "eth_getTransactionReceipt", "params": [ "0x201be2de266519ff645f3eee3019e9fe865b4fc1afadb9708933f1f893a97cda" ] }, code=UNKNOWN_ERROR, version=6.13.2)
=======
[Default] [2025-05-16 11:31:28] [INFO] - STARTING APPLICATION
[ERC20 Contract API] [2025-05-16 11:31:28] [INFO] - INITIALIZING CONTROLLERS
[Default] [2025-05-16 11:31:28] [INFO] - BOOTSTRAPING APPLICATION
[ERC20 Contract API] [2025-05-16 11:31:28] [INFO] - STARTING API EXPOSITION
[ERC20 Contract API] [2025-05-16 11:31:28] [INFO] - STARTING API
[ERC20 Contract API] [2025-05-16 11:31:28] [INFO] - Express server running on port 3000...
[ERC20 Contract API] [2025-05-16 11:31:36] [INFO] - POST /burn
[ERC20 Contract API] [2025-05-16 11:31:36] [INFO] - INITIALIZING SERVICES  ---      BURN
[ERC20 Contract API] [2025-05-16 11:31:36] [INFO] - Loading contract file from ./contracts.json...
[ERC20 Contract API] [2025-05-16 11:31:36] [INFO] - Loading 6 contracts...
[ERC20 Contract API] [2025-05-16 11:31:36] [INFO] - Loaded 6 contracts successfully.
[ERC20 Contract API] [2025-05-16 11:31:37] [INFO] - Waiting for confirmations
[ERC20 Contract API] [2025-05-16 11:31:46] [INFO] - INITIALIZING SERVICES  ---    UNLOCK
[ERC20 Contract API] [2025-05-16 11:31:49] [INFO] - Waiting for confirmations
[ERC20 Contract API] [2025-05-19 10:26:11] [INFO] - INITIALIZING CONTROLLERS
[Default] [2025-05-19 10:26:11] [INFO] - STARTING APPLICATION
[ERC20 Contract API] [2025-05-19 10:26:11] [INFO] - STARTING API EXPOSITION
[Default] [2025-05-19 10:26:11] [INFO] - BOOTSTRAPING APPLICATION
[ERC20 Contract API] [2025-05-19 10:26:11] [INFO] - STARTING API
[ERC20 Contract API] [2025-05-19 10:26:11] [INFO] - Express server running on port 3000...
[Default] [2025-05-19 10:27:11] [INFO] - STARTING APPLICATION
[ERC20 Contract API] [2025-05-19 10:27:11] [INFO] - INITIALIZING CONTROLLERS
[Default] [2025-05-19 10:27:11] [INFO] - BOOTSTRAPING APPLICATION
[ERC20 Contract API] [2025-05-19 10:27:11] [INFO] - STARTING API EXPOSITION
[ERC20 Contract API] [2025-05-19 10:27:11] [INFO] - STARTING API
[ERC20 Contract API] [2025-05-19 10:27:11] [INFO] - Express server running on port 3000...
[ERC20 Contract API] [2025-05-19 10:27:53] [INFO] - POST /faucet
[ERC20 Contract API] [2025-05-19 10:27:53] [INFO] - Faucet 
[ERC20 Contract API] [2025-05-19 10:27:53] [INFO] - Loading contract file from ./contracts.json...
[ERC20 Contract API] [2025-05-19 10:27:53] [INFO] - Loading 7 contracts...
[ERC20 Contract API] [2025-05-19 10:27:53] [INFO] - Loaded 7 contracts successfully.
[ERC20 Contract API] [2025-05-19 10:27:56] [INFO] - Waiting for confirmations
[Default] [2025-05-19 10:28:51] [INFO] - STARTING APPLICATION
[ERC20 Contract API] [2025-05-19 10:28:51] [INFO] - INITIALIZING CONTROLLERS
[Default] [2025-05-19 10:28:51] [INFO] - BOOTSTRAPING APPLICATION
[ERC20 Contract API] [2025-05-19 10:28:51] [INFO] - STARTING API EXPOSITION
[ERC20 Contract API] [2025-05-19 10:28:51] [INFO] - STARTING API
[ERC20 Contract API] [2025-05-19 10:28:51] [INFO] - Express server running on port 3000...
[ERC20 Contract API] [2025-05-19 10:29:07] [INFO] - POST /faucetBalance
[ERC20 Contract API] [2025-05-19 10:29:07] [INFO] - Faucet 
[ERC20 Contract API] [2025-05-19 10:29:07] [INFO] - Loading contract file from ./contracts.json...
[ERC20 Contract API] [2025-05-19 10:29:07] [INFO] - Loading 7 contracts...
[ERC20 Contract API] [2025-05-19 10:29:07] [INFO] - Loaded 7 contracts successfully.
[ERC20 Contract API] [2025-05-21 10:45:04] [INFO] - INITIALIZING CONTROLLERS
[Default] [2025-05-21 10:45:04] [INFO] - STARTING APPLICATION
[ERC20 Contract API] [2025-05-21 10:45:04] [INFO] - STARTING API EXPOSITION
[Default] [2025-05-21 10:45:04] [INFO] - BOOTSTRAPING APPLICATION
[ERC20 Contract API] [2025-05-21 10:45:04] [INFO] - STARTING API
[ERC20 Contract API] [2025-05-21 10:45:04] [INFO] - Express server running on port 3000...
[ERC20 Contract API] [2025-05-21 10:45:09] [INFO] - POST /requestStable
[ERC20 Contract API] [2025-05-21 10:45:09] [INFO] - INITIALIZING SERVICES  ---      Transfer
[ERC20 Contract API] [2025-05-21 10:45:09] [INFO] - Loading contract file from ./contracts.json...
[ERC20 Contract API] [2025-05-21 10:45:09] [INFO] - Loading 7 contracts...
[ERC20 Contract API] [2025-05-21 10:45:09] [INFO] - Loaded 7 contracts successfully.
[ERC20 Contract API] [2025-05-21 10:45:33] [INFO] - POST /faucet
[ERC20 Contract API] [2025-05-21 10:45:33] [INFO] - Faucet 
[ERC20 Contract API] [2025-05-21 10:45:33] [INFO] - Loading contract file from ./contracts.json...
[ERC20 Contract API] [2025-05-21 10:45:33] [INFO] - Loading 7 contracts...
[ERC20 Contract API] [2025-05-21 10:45:33] [INFO] - Loaded 7 contracts successfully.
[ERC20 Contract API] [2025-05-21 10:45:36] [INFO] - Waiting for confirmations
[ERC20 Contract API] [2025-05-21 10:45:47] [INFO] - POST /faucet
[ERC20 Contract API] [2025-05-21 10:45:47] [INFO] - Faucet 
[ERC20 Contract API] [2025-05-21 10:45:47] [INFO] - Loading contract file from ./contracts.json...
[ERC20 Contract API] [2025-05-21 10:45:47] [INFO] - Loading 7 contracts...
[ERC20 Contract API] [2025-05-21 10:45:47] [INFO] - Loaded 7 contracts successfully.
[ERC20 Contract API] [2025-05-21 10:45:50] [INFO] - Waiting for confirmations
[ERC20 Contract API] [2025-05-21 10:46:02] [INFO] - POST /requestStable
[ERC20 Contract API] [2025-05-21 10:46:02] [INFO] - INITIALIZING SERVICES  ---      Transfer
[ERC20 Contract API] [2025-05-21 10:46:02] [INFO] - Loading contract file from ./contracts.json...
[ERC20 Contract API] [2025-05-21 10:46:02] [INFO] - Loading 7 contracts...
[ERC20 Contract API] [2025-05-21 10:46:02] [INFO] - Loaded 7 contracts successfully.
[ERC20 Contract API] [2025-05-21 10:46:16] [INFO] - POST /requestStable
[ERC20 Contract API] [2025-05-21 10:46:16] [INFO] - INITIALIZING SERVICES  ---      Transfer
[ERC20 Contract API] [2025-05-21 10:46:16] [INFO] - Loading contract file from ./contracts.json...
[ERC20 Contract API] [2025-05-21 10:46:16] [INFO] - Loading 7 contracts...
[ERC20 Contract API] [2025-05-21 10:46:16] [INFO] - Loaded 7 contracts successfully.
[ERC20 Contract API] [2025-05-21 10:46:19] [INFO] - Waiting for confirmations
[ERC20 Contract API] [2025-05-21 10:46:49] [INFO] - POST /requestStable
[ERC20 Contract API] [2025-05-21 10:46:49] [INFO] - INITIALIZING SERVICES  ---      Transfer
[ERC20 Contract API] [2025-05-21 10:46:49] [INFO] - Loading contract file from ./contracts.json...
[ERC20 Contract API] [2025-05-21 10:46:49] [INFO] - Loading 7 contracts...
[ERC20 Contract API] [2025-05-21 10:46:49] [INFO] - Loaded 7 contracts successfully.
[ERC20 Contract API] [2025-05-21 10:46:51] [INFO] - Waiting for confirmations
[ERC20 Contract API] [2025-05-21 10:47:04] [INFO] - POST /requestStable
[ERC20 Contract API] [2025-05-21 10:47:04] [INFO] - INITIALIZING SERVICES  ---      Transfer
[ERC20 Contract API] [2025-05-21 10:47:04] [INFO] - Loading contract file from ./contracts.json...
[ERC20 Contract API] [2025-05-21 10:47:04] [INFO] - Loading 7 contracts...
[ERC20 Contract API] [2025-05-21 10:47:04] [INFO] - Loaded 7 contracts successfully.
[ERC20 Contract API] [2025-05-21 10:48:07] [INFO] - POST /requestStable
[ERC20 Contract API] [2025-05-21 10:48:07] [INFO] - INITIALIZING SERVICES  ---      Transfer
[ERC20 Contract API] [2025-05-21 10:48:07] [INFO] - Loading contract file from ./contracts.json...
[ERC20 Contract API] [2025-05-21 10:48:07] [INFO] - Loading 7 contracts...
[ERC20 Contract API] [2025-05-21 10:48:07] [INFO] - Loaded 7 contracts successfully.
[ERC20 Contract API] [2025-05-21 10:48:10] [INFO] - Waiting for confirmations
[ERC20 Contract API] [2025-05-21 13:07:10] [INFO] - POST /bridge
[ERC20 Contract API] [2025-05-21 13:07:10] [INFO] - INITIALIZING SERVICES    --     approveERC20
[ERC20 Contract API] [2025-05-21 13:07:10] [INFO] - Loading contract file from ./contracts.json...
[ERC20 Contract API] [2025-05-21 13:07:10] [INFO] - Loading 7 contracts...
[ERC20 Contract API] [2025-05-21 13:07:10] [INFO] - Loaded 7 contracts successfully.
[ERC20 Contract API] [2025-05-21 13:07:14] [INFO] - Waiting for confirmations
[ERC20 Contract API] [2025-05-21 13:07:19] [INFO] - Approve transaction succeeded. Waiting 10 seconds...
[ERC20 Contract API] [2025-05-21 13:07:29] [INFO] - INITIALIZING SERVICES    --     deposit
[ERC20 Contract API] [2025-05-21 13:07:32] [INFO] - Waiting for confirmations
[ERC20 Contract API] [2025-05-21 13:07:38] [INFO] - INITIALIZING SERVICES    --     createRepresentativeBondToken
[ERC20 Contract API] [2025-05-21 13:07:40] [INFO] - Waiting for confirmations
[ERC20 Contract API] [2025-05-21 13:07:40] [ERROR] - Error: could not coalesce error (error={ "code": 19, "message": "Unable to perform request" }, payload={ "id": 15, "jsonrpc": "2.0", "method": "eth_getTransactionReceipt", "params": [ "0x48ebcfdbb933030e79496b80f556e1ae3979bd0558177e993d615b08c0383861" ] }, code=UNKNOWN_ERROR, version=6.13.2)
[Default] [2025-05-21 13:17:37] [INFO] - STARTING APPLICATION
[ERC20 Contract API] [2025-05-21 13:17:37] [INFO] - INITIALIZING CONTROLLERS
[Default] [2025-05-21 13:17:37] [INFO] - BOOTSTRAPING APPLICATION
[ERC20 Contract API] [2025-05-21 13:17:37] [INFO] - STARTING API EXPOSITION
[ERC20 Contract API] [2025-05-21 13:17:37] [INFO] - STARTING API
[ERC20 Contract API] [2025-05-21 13:17:37] [INFO] - Express server running on port 3000...
[ERC20 Contract API] [2025-05-21 14:06:27] [INFO] - POST /createIndividualAccountRetry
[ERC20 Contract API] [2025-05-21 14:06:27] [INFO] - INITIALIZING SERVICES
[ERC20 Contract API] [2025-05-21 14:06:27] [INFO] - Loading contract file from ./contracts.json...
[ERC20 Contract API] [2025-05-21 14:06:27] [INFO] - Loading 7 contracts...
[ERC20 Contract API] [2025-05-21 14:06:27] [INFO] - Loaded 7 contracts successfully.
[ERC20 Contract API] [2025-05-21 14:06:27] [ERROR] - TypeError: Cannot read properties of undefined (reading '')
[ERC20 Contract API] [2025-05-21 14:06:50] [INFO] - POST /createIndividualAccountRetry
[ERC20 Contract API] [2025-05-21 14:06:50] [INFO] - INITIALIZING SERVICES
[ERC20 Contract API] [2025-05-21 14:06:50] [INFO] - Loading contract file from ./contracts.json...
[ERC20 Contract API] [2025-05-21 14:06:50] [INFO] - Loading 7 contracts...
[ERC20 Contract API] [2025-05-21 14:06:50] [INFO] - Loaded 7 contracts successfully.
[ERC20 Contract API] [2025-05-21 14:06:50] [ERROR] - TypeError: Cannot read properties of undefined (reading '')
[ERC20 Contract API] [2025-05-21 14:07:16] [INFO] - POST /createIndividualAccountRetry
[ERC20 Contract API] [2025-05-21 14:07:16] [INFO] - INITIALIZING SERVICES
[ERC20 Contract API] [2025-05-21 14:07:16] [INFO] - Loading contract file from ./contracts.json...
[ERC20 Contract API] [2025-05-21 14:07:16] [INFO] - Loading 7 contracts...
[ERC20 Contract API] [2025-05-21 14:07:16] [INFO] - Loaded 7 contracts successfully.
[ERC20 Contract API] [2025-05-21 14:07:16] [ERROR] - TypeError: Cannot read properties of undefined (reading '')
[ERC20 Contract API] [2025-05-21 14:07:20] [INFO] - POST /createIndividualAccountRetry
[ERC20 Contract API] [2025-05-21 14:07:20] [INFO] - INITIALIZING SERVICES
[ERC20 Contract API] [2025-05-21 14:07:20] [INFO] - Loading contract file from ./contracts.json...
[ERC20 Contract API] [2025-05-21 14:07:20] [INFO] - Loading 7 contracts...
[ERC20 Contract API] [2025-05-21 14:07:20] [INFO] - Loaded 7 contracts successfully.
[ERC20 Contract API] [2025-05-21 14:07:20] [ERROR] - TypeError: Cannot read properties of undefined (reading '')
>>>>>>> origin/dev
=======
[ERC20 Contract API] [2025-05-29 11:56:04] [INFO] - INITIALIZING CONTROLLERS
[Default] [2025-05-29 11:56:04] [INFO] - STARTING APPLICATION
[ERC20 Contract API] [2025-05-29 11:56:04] [INFO] - STARTING API EXPOSITION
[Default] [2025-05-29 11:56:04] [INFO] - BOOTSTRAPING APPLICATION
[ERC20 Contract API] [2025-05-29 11:56:04] [INFO] - STARTING API
[ERC20 Contract API] [2025-05-29 11:56:04] [INFO] - Express server running on port 3000...
[ERC20 Contract API] [2025-05-29 11:56:44] [INFO] - POST /createBond
[ERC20 Contract API] [2025-05-29 11:56:44] [INFO] - Start CreateBond  in Alastria 
[ERC20 Contract API] [2025-05-29 11:56:44] [INFO] - Loading contract file from ./contracts.json...
[ERC20 Contract API] [2025-05-29 11:56:44] [INFO] - Loading 7 contracts...
[ERC20 Contract API] [2025-05-29 11:56:44] [INFO] - Loaded 7 contracts successfully.
[ERC20 Contract API] [2025-05-29 11:56:45] [ERROR] - Error: could not coalesce error (error={ "code": -32004, "message": "Upfront cost exceeds account balance" }, payload={ "id": 12, "jsonrpc": "2.0", "method": "eth_sendRawTransaction", "params": [ "0xf9016d04850df8475800830c3d7e946a327c2337b2e4c2bc5fec1cd817880a3c02d05180b90104ea35f78d000000000000000000000000000000000000000000000000000000000000008000000000000000000000000000000000000000000000000000000000000000c0000000000000000000000000000000000000000000000000000000000000000a00000000000000000000000066f4f02d8a6cbb1929d148ba6726ca50e0140676000000000000000000000000000000000000000000000000000000000000000f426f6e6f4578616d706c6554657374000000000000000000000000000000000000000000000000000000000000000000000000000000000000000000000000044245585400000000000000000000000000000000000000000000000000000000820feca0cd8236a51d624b09a79a39a29c585c97bff6d4f965767f40f639cacc4457f73da070e03451801f39a9fdb95f89261fc072573f2692be5f88714bc079da27c00920" ] }, code=UNKNOWN_ERROR, version=6.13.2)
[Default] [2025-05-29 12:02:32] [INFO] - STARTING APPLICATION
[ERC20 Contract API] [2025-05-29 12:02:32] [INFO] - INITIALIZING CONTROLLERS
[Default] [2025-05-29 12:02:32] [INFO] - BOOTSTRAPING APPLICATION
[ERC20 Contract API] [2025-05-29 12:02:32] [INFO] - STARTING API EXPOSITION
[ERC20 Contract API] [2025-05-29 12:02:32] [INFO] - STARTING API
[ERC20 Contract API] [2025-05-29 12:02:32] [INFO] - Express server running on port 3000...
[ERC20 Contract API] [2025-05-29 12:02:46] [INFO] - POST /createBond
[ERC20 Contract API] [2025-05-29 12:02:46] [INFO] - Start CreateBond  in Alastria 
[ERC20 Contract API] [2025-05-29 12:02:46] [INFO] - Loading contract file from ./contracts.json...
[ERC20 Contract API] [2025-05-29 12:02:46] [INFO] - Loading 7 contracts...
[ERC20 Contract API] [2025-05-29 12:02:46] [INFO] - Loaded 7 contracts successfully.
[ERC20 Contract API] [2025-05-29 12:02:46] [INFO] - sin calculo de gas 
[ERC20 Contract API] [2025-05-29 12:02:46] [INFO] - Waiting for confirmations
[ERC20 Contract API] [2025-05-29 12:03:10] [INFO] - POST /mintBond
[ERC20 Contract API] [2025-05-29 12:03:10] [INFO] -  mintBond
[ERC20 Contract API] [2025-05-29 12:03:10] [INFO] - Loading contract file from ./contracts.json...
[ERC20 Contract API] [2025-05-29 12:03:10] [INFO] - Loading 7 contracts...
[ERC20 Contract API] [2025-05-29 12:03:10] [INFO] - Loaded 7 contracts successfully.
[ERC20 Contract API] [2025-05-29 12:03:10] [INFO] - sin calculo de gas 
[ERC20 Contract API] [2025-05-29 12:03:11] [INFO] - Waiting for confirmations
[ERC20 Contract API] [2025-05-29 12:04:35] [INFO] - POST /balance
[ERC20 Contract API] [2025-05-29 12:04:35] [INFO] - Start GetBalance
[ERC20 Contract API] [2025-05-29 12:04:35] [INFO] - Loading contract file from ./contracts.json...
[ERC20 Contract API] [2025-05-29 12:04:35] [INFO] - Loading 7 contracts...
[ERC20 Contract API] [2025-05-29 12:04:35] [INFO] - Loaded 7 contracts successfully.
[ERC20 Contract API] [2025-05-29 12:04:35] [INFO] - sin calculo de gas 
[ERC20 Contract API] [2025-05-29 12:05:17] [INFO] - POST /bridge
[ERC20 Contract API] [2025-05-29 12:05:17] [INFO] - Start     --       ApproveERC20
[ERC20 Contract API] [2025-05-29 12:05:17] [INFO] - Loading contract file from ./contracts.json...
[ERC20 Contract API] [2025-05-29 12:05:17] [INFO] - Loading 7 contracts...
[ERC20 Contract API] [2025-05-29 12:05:17] [INFO] - Loaded 7 contracts successfully.
[ERC20 Contract API] [2025-05-29 12:05:17] [INFO] - sin calculo de gas 
[ERC20 Contract API] [2025-05-29 12:05:18] [INFO] - Waiting for confirmations
[ERC20 Contract API] [2025-05-29 12:05:22] [INFO] - Approve transaction succeeded. Waiting 10 seconds...
[ERC20 Contract API] [2025-05-29 12:05:32] [INFO] - Start    --     Deposit
[ERC20 Contract API] [2025-05-29 12:05:32] [INFO] - sin calculo de gas 
[ERC20 Contract API] [2025-05-29 12:05:32] [INFO] - Waiting for confirmations
[ERC20 Contract API] [2025-05-29 12:05:37] [ERROR] - Error: transaction execution reverted (action="sendTransaction", data=null, reason=null, invocation=null, revert=null, transaction={ "data": "", "from": "0x86DF4B738D592c31F4A9A657D6c8d6D05DC1D462", "to": "0xBB6DEBEA3eD67DbdDC81422b043847A23fC62aCE" }, receipt={ "_type": "TransactionReceipt", "blobGasPrice": null, "blobGasUsed": null, "blockHash": "0x1844190b9db3a590d0a6e0bf57daf448116c5704f4faefe12025cc959b5a29bc", "blockNumber": 54715254, "contractAddress": null, "cumulativeGasUsed": "22263", "from": "0x86DF4B738D592c31F4A9A657D6c8d6D05DC1D462", "gasPrice": "0", "gasUsed": "22263", "hash": "0x9b82e534ebd19fb098df04f4903d887a7ee6cf05e7ba73078e9d796839b3d8a3", "index": 0, "logs": [  ], "logsBloom": "0x00000000000000000000000000000000000000000000000000000000000000000000000000000000000000000000000000000000000000000000000000000000000000000000000000000000000000000000000000000000000000000000000000000000000000000000000000000000000000000000000000000000000000000000000000000000000000000000000000000000000000000000000000000000000000000000000000000000000000000000000000000000000000000000000000000000000000000000000000000000000000000000000000000000000000000000000000000000000000000000000000000000000000000000000000000000", "root": null, "status": 0, "to": "0xBB6DEBEA3eD67DbdDC81422b043847A23fC62aCE" }, code=CALL_EXCEPTION, version=6.13.2)
[ERC20 Contract API] [2025-05-29 12:06:51] [INFO] - POST /bridge
[ERC20 Contract API] [2025-05-29 12:06:51] [INFO] - Start     --       ApproveERC20
[ERC20 Contract API] [2025-05-29 12:06:51] [INFO] - Loading contract file from ./contracts.json...
[ERC20 Contract API] [2025-05-29 12:06:51] [INFO] - Loading 7 contracts...
[ERC20 Contract API] [2025-05-29 12:06:51] [INFO] - Loaded 7 contracts successfully.
[ERC20 Contract API] [2025-05-29 12:06:51] [INFO] - sin calculo de gas 
[ERC20 Contract API] [2025-05-29 12:06:51] [INFO] - Waiting for confirmations
[ERC20 Contract API] [2025-05-29 12:06:56] [INFO] - Approve transaction succeeded. Waiting 10 seconds...
[ERC20 Contract API] [2025-05-29 12:07:06] [INFO] - Start    --     Deposit
[ERC20 Contract API] [2025-05-29 12:07:06] [INFO] - sin calculo de gas 
[ERC20 Contract API] [2025-05-29 12:07:06] [INFO] - Waiting for confirmations
[ERC20 Contract API] [2025-05-29 12:07:07] [ERROR] - Error: transaction execution reverted (action="sendTransaction", data=null, reason=null, invocation=null, revert=null, transaction={ "data": "", "from": "0x86DF4B738D592c31F4A9A657D6c8d6D05DC1D462", "to": "0xBB6DEBEA3eD67DbdDC81422b043847A23fC62aCE" }, receipt={ "_type": "TransactionReceipt", "blobGasPrice": null, "blobGasUsed": null, "blockHash": "0x85270a275050ca2f021fd568c02692203c477a630742ebdee0df0e500d7e96c9", "blockNumber": 54715285, "contractAddress": null, "cumulativeGasUsed": "22263", "from": "0x86DF4B738D592c31F4A9A657D6c8d6D05DC1D462", "gasPrice": "0", "gasUsed": "22263", "hash": "0xd979ac8d7d29a234a3297b66839a51613a27a27b9a5b9e4e0bfa1c38fa09f56e", "index": 0, "logs": [  ], "logsBloom": "0x00000000000000000000000000000000000000000000000000000000000000000000000000000000000000000000000000000000000000000000000000000000000000000000000000000000000000000000000000000000000000000000000000000000000000000000000000000000000000000000000000000000000000000000000000000000000000000000000000000000000000000000000000000000000000000000000000000000000000000000000000000000000000000000000000000000000000000000000000000000000000000000000000000000000000000000000000000000000000000000000000000000000000000000000000000000", "root": null, "status": 0, "to": "0xBB6DEBEA3eD67DbdDC81422b043847A23fC62aCE" }, code=CALL_EXCEPTION, version=6.13.2)
[ERC20 Contract API] [2025-05-29 12:10:01] [INFO] - POST /bridge
[ERC20 Contract API] [2025-05-29 12:10:01] [INFO] - Start     --       ApproveERC20
[ERC20 Contract API] [2025-05-29 12:10:01] [INFO] - Loading contract file from ./contracts.json...
[ERC20 Contract API] [2025-05-29 12:10:01] [INFO] - Loading 7 contracts...
[ERC20 Contract API] [2025-05-29 12:10:01] [INFO] - Loaded 7 contracts successfully.
[ERC20 Contract API] [2025-05-29 12:10:01] [INFO] - sin calculo de gas 
[ERC20 Contract API] [2025-05-29 12:10:01] [INFO] - Waiting for confirmations
[ERC20 Contract API] [2025-05-29 12:10:06] [INFO] - Approve transaction succeeded. Waiting 10 seconds...
[ERC20 Contract API] [2025-05-29 12:10:16] [INFO] - Start    --     Deposit
[ERC20 Contract API] [2025-05-29 12:10:16] [INFO] - sin calculo de gas 
[ERC20 Contract API] [2025-05-29 12:10:16] [INFO] - Waiting for confirmations
[ERC20 Contract API] [2025-05-29 12:10:20] [ERROR] - Error: transaction execution reverted (action="sendTransaction", data=null, reason=null, invocation=null, revert=null, transaction={ "data": "", "from": "0x86DF4B738D592c31F4A9A657D6c8d6D05DC1D462", "to": "0xBB6DEBEA3eD67DbdDC81422b043847A23fC62aCE" }, receipt={ "_type": "TransactionReceipt", "blobGasPrice": null, "blobGasUsed": null, "blockHash": "0x6483a7fd3e83f69863f7f68de8ea2ffd8839c9ad90b4ca511e63eff920d0aa6e", "blockNumber": 54715349, "contractAddress": null, "cumulativeGasUsed": "22263", "from": "0x86DF4B738D592c31F4A9A657D6c8d6D05DC1D462", "gasPrice": "0", "gasUsed": "22263", "hash": "0x60a82e5b4c63f0d43efbfb7e3c234ba90d5cacef3ba8e4a347e5e26d0e3a2676", "index": 0, "logs": [  ], "logsBloom": "0x00000000000000000000000000000000000000000000000000000000000000000000000000000000000000000000000000000000000000000000000000000000000000000000000000000000000000000000000000000000000000000000000000000000000000000000000000000000000000000000000000000000000000000000000000000000000000000000000000000000000000000000000000000000000000000000000000000000000000000000000000000000000000000000000000000000000000000000000000000000000000000000000000000000000000000000000000000000000000000000000000000000000000000000000000000000", "root": null, "status": 0, "to": "0xBB6DEBEA3eD67DbdDC81422b043847A23fC62aCE" }, code=CALL_EXCEPTION, version=6.13.2)
[ERC20 Contract API] [2025-05-29 12:16:04] [INFO] - POST /requestTransfer
[ERC20 Contract API] [2025-05-29 12:16:04] [INFO] - Start  ---      Transfer
[ERC20 Contract API] [2025-05-29 12:16:04] [INFO] - Loading contract file from ./contracts.json...
[ERC20 Contract API] [2025-05-29 12:16:04] [INFO] - Loading 7 contracts...
[ERC20 Contract API] [2025-05-29 12:16:04] [INFO] - Loaded 7 contracts successfully.
[ERC20 Contract API] [2025-05-29 12:16:04] [INFO] - sin calculo de gas 
[ERC20 Contract API] [2025-05-29 12:16:05] [INFO] - Waiting for confirmations
[ERC20 Contract API] [2025-05-29 12:16:47] [INFO] - POST /faucet
[ERC20 Contract API] [2025-05-29 12:16:47] [INFO] - Faucet 
[ERC20 Contract API] [2025-05-29 12:16:47] [INFO] - Loading contract file from ./contracts.json...
[ERC20 Contract API] [2025-05-29 12:16:47] [INFO] - Loading 7 contracts...
[ERC20 Contract API] [2025-05-29 12:16:47] [INFO] - Loaded 7 contracts successfully.
[ERC20 Contract API] [2025-05-29 12:16:47] [INFO] - sin calculo de gas 
[ERC20 Contract API] [2025-05-29 12:16:48] [INFO] - Waiting for confirmations
[ERC20 Contract API] [2025-05-29 12:16:56] [INFO] - POST /faucetBalance
[ERC20 Contract API] [2025-05-29 12:16:56] [INFO] - Faucet 
[ERC20 Contract API] [2025-05-29 12:16:56] [INFO] - Loading contract file from ./contracts.json...
[ERC20 Contract API] [2025-05-29 12:16:56] [INFO] - Loading 7 contracts...
[ERC20 Contract API] [2025-05-29 12:16:56] [INFO] - Loaded 7 contracts successfully.
[ERC20 Contract API] [2025-05-29 12:16:56] [INFO] - sin calculo de gas 
[ERC20 Contract API] [2025-05-29 12:17:05] [INFO] - POST /faucet
[ERC20 Contract API] [2025-05-29 12:17:05] [INFO] - Faucet 
[ERC20 Contract API] [2025-05-29 12:17:05] [INFO] - Loading contract file from ./contracts.json...
[ERC20 Contract API] [2025-05-29 12:17:05] [INFO] - Loading 7 contracts...
[ERC20 Contract API] [2025-05-29 12:17:05] [INFO] - Loaded 7 contracts successfully.
[ERC20 Contract API] [2025-05-29 12:17:05] [INFO] - sin calculo de gas 
[ERC20 Contract API] [2025-05-29 12:17:05] [INFO] - Waiting for confirmations
[ERC20 Contract API] [2025-05-29 12:17:12] [INFO] - POST /faucetBalance
[ERC20 Contract API] [2025-05-29 12:17:12] [INFO] - Faucet 
[ERC20 Contract API] [2025-05-29 12:17:12] [INFO] - Loading contract file from ./contracts.json...
[ERC20 Contract API] [2025-05-29 12:17:12] [INFO] - Loading 7 contracts...
[ERC20 Contract API] [2025-05-29 12:17:12] [INFO] - Loaded 7 contracts successfully.
[ERC20 Contract API] [2025-05-29 12:17:13] [INFO] - sin calculo de gas 
[ERC20 Contract API] [2025-05-29 12:17:25] [INFO] - POST /requestStable
[ERC20 Contract API] [2025-05-29 12:17:25] [INFO] - Start  ---      Transfer
[ERC20 Contract API] [2025-05-29 12:17:25] [INFO] - Loading contract file from ./contracts.json...
[ERC20 Contract API] [2025-05-29 12:17:25] [INFO] - Loading 7 contracts...
[ERC20 Contract API] [2025-05-29 12:17:25] [INFO] - Loaded 7 contracts successfully.
[ERC20 Contract API] [2025-05-29 12:17:26] [INFO] - sin calculo de gas 
[ERC20 Contract API] [2025-05-29 12:17:26] [INFO] - Waiting for confirmations
[ERC20 Contract API] [2025-05-29 12:17:44] [INFO] - POST /requestStable
[ERC20 Contract API] [2025-05-29 12:17:44] [INFO] - Start  ---      Transfer
[ERC20 Contract API] [2025-05-29 12:17:44] [INFO] - Loading contract file from ./contracts.json...
[ERC20 Contract API] [2025-05-29 12:17:44] [INFO] - Loading 7 contracts...
[ERC20 Contract API] [2025-05-29 12:17:44] [INFO] - Loaded 7 contracts successfully.
[ERC20 Contract API] [2025-05-29 12:17:45] [INFO] - sin calculo de gas 
[ERC20 Contract API] [2025-05-29 12:17:45] [INFO] - Waiting for confirmations
[Default] [2025-05-29 12:18:16] [INFO] - STARTING APPLICATION
[ERC20 Contract API] [2025-05-29 12:18:16] [INFO] - INITIALIZING CONTROLLERS
[Default] [2025-05-29 12:18:16] [INFO] - BOOTSTRAPING APPLICATION
[ERC20 Contract API] [2025-05-29 12:18:16] [INFO] - STARTING API EXPOSITION
[ERC20 Contract API] [2025-05-29 12:18:16] [INFO] - STARTING API
[ERC20 Contract API] [2025-05-29 12:18:16] [INFO] - Express server running on port 3000...
[Default] [2025-05-29 12:18:58] [INFO] - STARTING APPLICATION
[ERC20 Contract API] [2025-05-29 12:18:58] [INFO] - INITIALIZING CONTROLLERS
[Default] [2025-05-29 12:18:58] [INFO] - BOOTSTRAPING APPLICATION
[ERC20 Contract API] [2025-05-29 12:18:58] [INFO] - STARTING API EXPOSITION
[ERC20 Contract API] [2025-05-29 12:18:58] [INFO] - STARTING API
[ERC20 Contract API] [2025-05-29 12:18:58] [INFO] - Express server running on port 3000...
[ERC20 Contract API] [2025-05-29 12:19:23] [INFO] - POST /bridge
[ERC20 Contract API] [2025-05-29 12:19:23] [INFO] - Start     --       ApproveERC20
[ERC20 Contract API] [2025-05-29 12:19:23] [INFO] - Loading contract file from ./contracts.json...
[ERC20 Contract API] [2025-05-29 12:19:23] [INFO] - Loading 7 contracts...
[ERC20 Contract API] [2025-05-29 12:19:23] [INFO] - Loaded 7 contracts successfully.
[ERC20 Contract API] [2025-05-29 12:19:23] [INFO] - sin calculo de gas 
[ERC20 Contract API] [2025-05-29 12:19:24] [INFO] - Waiting for confirmations
[ERC20 Contract API] [2025-05-29 12:19:28] [INFO] - Approve transaction succeeded. Waiting 10 seconds...
[ERC20 Contract API] [2025-05-29 12:19:38] [INFO] - Start    --     Deposit
[ERC20 Contract API] [2025-05-29 12:19:38] [INFO] - sin calculo de gas 
[ERC20 Contract API] [2025-05-29 12:19:39] [INFO] - Waiting for confirmations
[ERC20 Contract API] [2025-05-29 12:19:43] [INFO] - Start    --     createRepresentativeBondToken
[ERC20 Contract API] [2025-05-29 12:19:45] [INFO] - Waiting for confirmations
[ERC20 Contract API] [2025-05-29 12:19:54] [INFO] - account in seco amoy: 0xabCB224CF338B1F1aEefe0494B1c36C9620768e6
[ERC20 Contract API] [2025-05-29 12:19:54] [INFO] - Start    --    Mint in amoy representative tokens
[ERC20 Contract API] [2025-05-29 12:19:56] [INFO] - Waiting for confirmations
[ERC20 Contract API] [2025-05-29 12:21:21] [INFO] - POST /burn
[ERC20 Contract API] [2025-05-29 12:21:21] [INFO] - Start  ---      BURN
[ERC20 Contract API] [2025-05-29 12:21:21] [INFO] - Loading contract file from ./contracts.json...
[ERC20 Contract API] [2025-05-29 12:21:21] [INFO] - Loading 7 contracts...
[ERC20 Contract API] [2025-05-29 12:21:21] [INFO] - Loaded 7 contracts successfully.
[ERC20 Contract API] [2025-05-29 12:21:46] [INFO] - POST /burn
[ERC20 Contract API] [2025-05-29 12:21:46] [INFO] - Start  ---      BURN
[ERC20 Contract API] [2025-05-29 12:21:46] [INFO] - Loading contract file from ./contracts.json...
[ERC20 Contract API] [2025-05-29 12:21:46] [INFO] - Loading 7 contracts...
[ERC20 Contract API] [2025-05-29 12:21:46] [INFO] - Loaded 7 contracts successfully.
[ERC20 Contract API] [2025-05-29 12:21:49] [INFO] - Waiting for confirmations
[ERC20 Contract API] [2025-05-29 12:21:57] [INFO] - Start  ---    UNLOCK
[ERC20 Contract API] [2025-05-29 12:21:58] [INFO] - sin calculo de gas 
[ERC20 Contract API] [2025-05-29 12:21:58] [ERROR] - Error: could not coalesce error (error={ "code": -32004, "message": "Upfront cost exceeds account balance" }, payload={ "id": 11, "jsonrpc": "2.0", "method": "eth_sendRawTransaction", "params": [ "0xf8cc17850df8475800832dc6c094b3017f3be01ab1b2c05f47989c2f9aae4190233c80b864d9caed120000000000000000000000009e2ee12c51e033d5313a453018f6079f2692625100000000000000000000000066f4f02d8a6cbb1929d148ba6726ca50e01406760000000000000000000000000000000000000000000000000000000000000001820feca0454c2326d4f84ba2ccd21cf4dc50b2e8cd2c2d3f8a8f7ea978a9afe3d8530988a024c018d0541576c808f27e8a47900f2d2162a69cf05c4c041c485f2a10c6fe91" ] }, code=UNKNOWN_ERROR, version=6.13.2)
[ERC20 Contract API] [2025-05-29 12:24:13] [INFO] - POST /bridge
[ERC20 Contract API] [2025-05-29 12:24:13] [INFO] - Start     --       ApproveERC20
[ERC20 Contract API] [2025-05-29 12:24:13] [INFO] - Loading contract file from ./contracts.json...
[ERC20 Contract API] [2025-05-29 12:24:13] [INFO] - Loading 7 contracts...
[ERC20 Contract API] [2025-05-29 12:24:13] [INFO] - Loaded 7 contracts successfully.
[ERC20 Contract API] [2025-05-29 12:24:13] [INFO] - sin calculo de gas 
[ERC20 Contract API] [2025-05-29 12:24:14] [INFO] - Waiting for confirmations
[ERC20 Contract API] [2025-05-29 12:24:18] [INFO] - Approve transaction succeeded. Waiting 10 seconds...
[ERC20 Contract API] [2025-05-29 12:24:28] [INFO] - Start    --     Deposit
[ERC20 Contract API] [2025-05-29 12:24:28] [INFO] - sin calculo de gas 
[ERC20 Contract API] [2025-05-29 12:24:29] [INFO] - Waiting for confirmations
[ERC20 Contract API] [2025-05-29 12:24:33] [INFO] - Start    --     createRepresentativeBondToken
[ERC20 Contract API] [2025-05-29 12:24:35] [INFO] - Waiting for confirmations
[ERC20 Contract API] [2025-05-29 12:24:44] [INFO] - account in seco amoy: 0xE8EDbD7416B83c2025Da594035110A940A970384
[ERC20 Contract API] [2025-05-29 12:24:44] [INFO] - Start    --    Mint in amoy representative tokens
[ERC20 Contract API] [2025-05-29 12:24:46] [INFO] - Waiting for confirmations
[ERC20 Contract API] [2025-05-29 12:25:19] [INFO] - POST /burn
[ERC20 Contract API] [2025-05-29 12:25:19] [INFO] - Start  ---      BURN
[ERC20 Contract API] [2025-05-29 12:25:19] [INFO] - Loading contract file from ./contracts.json...
[ERC20 Contract API] [2025-05-29 12:25:19] [INFO] - Loading 7 contracts...
[ERC20 Contract API] [2025-05-29 12:25:19] [INFO] - Loaded 7 contracts successfully.
[ERC20 Contract API] [2025-05-29 12:25:21] [INFO] - Waiting for confirmations
[ERC20 Contract API] [2025-05-29 12:25:29] [INFO] - Start  ---    UNLOCK
[ERC20 Contract API] [2025-05-29 12:25:30] [INFO] - sin calculo de gas 
[ERC20 Contract API] [2025-05-29 12:25:30] [ERROR] - Error: could not coalesce error (error={ "code": -32004, "message": "Upfront cost exceeds account balance" }, payload={ "id": 11, "jsonrpc": "2.0", "method": "eth_sendRawTransaction", "params": [ "0xf8cc19850df8475800832dc6c094b3017f3be01ab1b2c05f47989c2f9aae4190233c80b864d9caed120000000000000000000000009e2ee12c51e033d5313a453018f6079f2692625100000000000000000000000066f4f02d8a6cbb1929d148ba6726ca50e01406760000000000000000000000000000000000000000000000000000000000000001820feca06c5082a0bae8d838272d62e2eeec3a43d77d4464150a409db3de5b3024a9886ca027c76baa255c2bb49729a74aecc77270032821f19e8d513e397e42581b4d0760" ] }, code=UNKNOWN_ERROR, version=6.13.2)
[Default] [2025-05-29 12:27:25] [INFO] - STARTING APPLICATION
[ERC20 Contract API] [2025-05-29 12:27:25] [INFO] - INITIALIZING CONTROLLERS
[Default] [2025-05-29 12:27:25] [INFO] - BOOTSTRAPING APPLICATION
[ERC20 Contract API] [2025-05-29 12:27:25] [INFO] - STARTING API EXPOSITION
[ERC20 Contract API] [2025-05-29 12:27:25] [INFO] - STARTING API
[ERC20 Contract API] [2025-05-29 12:27:25] [INFO] - Express server running on port 3000...
[ERC20 Contract API] [2025-05-29 12:27:37] [INFO] - POST /burn
[ERC20 Contract API] [2025-05-29 12:27:37] [INFO] - Start  ---      BURN
[ERC20 Contract API] [2025-05-29 12:27:37] [INFO] - Loading contract file from ./contracts.json...
[ERC20 Contract API] [2025-05-29 12:27:37] [INFO] - Loading 7 contracts...
[ERC20 Contract API] [2025-05-29 12:27:37] [INFO] - Loaded 7 contracts successfully.
[ERC20 Contract API] [2025-05-29 12:27:40] [INFO] - Waiting for confirmations
[ERC20 Contract API] [2025-05-29 12:27:49] [INFO] - Start  ---    UNLOCK
[ERC20 Contract API] [2025-05-29 12:27:49] [INFO] - sin calculo de gas 
[ERC20 Contract API] [2025-05-29 12:27:50] [ERROR] - Error: could not coalesce error (error={ "code": -32004, "message": "Upfront cost exceeds account balance" }, payload={ "id": 11, "jsonrpc": "2.0", "method": "eth_sendRawTransaction", "params": [ "0xf8cb1a850df847580082b8a694b3017f3be01ab1b2c05f47989c2f9aae4190233c80b864d9caed120000000000000000000000009e2ee12c51e033d5313a453018f6079f2692625100000000000000000000000066f4f02d8a6cbb1929d148ba6726ca50e01406760000000000000000000000000000000000000000000000000000000000000001820feba011fe6d4faa891346bb4502adf55c18bbc31f6a8a8ce812c4c9b8c4f90f724ed6a02c9e9c96251fd35c5b0f132785601e08ba74c39fb93b3fa4eeccd8e9d3697cf4" ] }, code=UNKNOWN_ERROR, version=6.13.2)
[ERC20 Contract API] [2025-05-29 12:30:17] [INFO] - POST /createBond
[ERC20 Contract API] [2025-05-29 12:30:17] [INFO] - Start CreateBond  in Alastria 
[ERC20 Contract API] [2025-05-29 12:30:17] [INFO] - Loading contract file from ./contracts.json...
[ERC20 Contract API] [2025-05-29 12:30:17] [INFO] - Loading 7 contracts...
[ERC20 Contract API] [2025-05-29 12:30:17] [INFO] - Loaded 7 contracts successfully.
[ERC20 Contract API] [2025-05-29 12:30:17] [INFO] - sin calculo de gas 
[ERC20 Contract API] [2025-05-29 12:30:17] [INFO] - Waiting for confirmations
[ERC20 Contract API] [2025-05-29 12:30:30] [INFO] - POST /mintBond
[ERC20 Contract API] [2025-05-29 12:30:30] [INFO] -  mintBond
[ERC20 Contract API] [2025-05-29 12:30:30] [INFO] - Loading contract file from ./contracts.json...
[ERC20 Contract API] [2025-05-29 12:30:30] [INFO] - Loading 7 contracts...
[ERC20 Contract API] [2025-05-29 12:30:30] [INFO] - Loaded 7 contracts successfully.
[ERC20 Contract API] [2025-05-29 12:30:30] [INFO] - sin calculo de gas 
[ERC20 Contract API] [2025-05-29 12:30:30] [INFO] - Waiting for confirmations
[ERC20 Contract API] [2025-05-29 12:30:58] [INFO] - POST /bridge
[ERC20 Contract API] [2025-05-29 12:30:58] [INFO] - Start     --       ApproveERC20
[ERC20 Contract API] [2025-05-29 12:30:58] [INFO] - Loading contract file from ./contracts.json...
[ERC20 Contract API] [2025-05-29 12:30:58] [INFO] - Loading 7 contracts...
[ERC20 Contract API] [2025-05-29 12:30:58] [INFO] - Loaded 7 contracts successfully.
[ERC20 Contract API] [2025-05-29 12:30:58] [INFO] - sin calculo de gas 
[ERC20 Contract API] [2025-05-29 12:30:59] [INFO] - Waiting for confirmations
[ERC20 Contract API] [2025-05-29 12:31:03] [INFO] - Approve transaction succeeded. Waiting 10 seconds...
[ERC20 Contract API] [2025-05-29 12:31:13] [INFO] - Start    --     Deposit
[ERC20 Contract API] [2025-05-29 12:31:13] [INFO] - sin calculo de gas 
[ERC20 Contract API] [2025-05-29 12:31:14] [INFO] - Waiting for confirmations
[ERC20 Contract API] [2025-05-29 12:31:18] [INFO] - Start    --     createRepresentativeBondToken
[ERC20 Contract API] [2025-05-29 12:31:20] [INFO] - Waiting for confirmations
[ERC20 Contract API] [2025-05-29 12:31:29] [INFO] - account in seco amoy: 0x3d3A4437436d1fFd78d3b039dE5a8366a79720C9
[ERC20 Contract API] [2025-05-29 12:31:29] [INFO] - Start    --    Mint in amoy representative tokens
[ERC20 Contract API] [2025-05-29 12:31:31] [INFO] - Waiting for confirmations
[ERC20 Contract API] [2025-05-29 12:32:38] [INFO] - POST /burn
[ERC20 Contract API] [2025-05-29 12:32:38] [INFO] - Start  ---      BURN
[ERC20 Contract API] [2025-05-29 12:32:38] [INFO] - Loading contract file from ./contracts.json...
[ERC20 Contract API] [2025-05-29 12:32:38] [INFO] - Loading 7 contracts...
[ERC20 Contract API] [2025-05-29 12:32:38] [INFO] - Loaded 7 contracts successfully.
[ERC20 Contract API] [2025-05-29 12:32:40] [INFO] - Waiting for confirmations
[Default] [2025-05-29 12:33:08] [INFO] - STARTING APPLICATION
[ERC20 Contract API] [2025-05-29 12:33:08] [INFO] - INITIALIZING CONTROLLERS
[Default] [2025-05-29 12:33:08] [INFO] - BOOTSTRAPING APPLICATION
[ERC20 Contract API] [2025-05-29 12:33:08] [INFO] - STARTING API EXPOSITION
[ERC20 Contract API] [2025-05-29 12:33:08] [INFO] - STARTING API
[ERC20 Contract API] [2025-05-29 12:33:08] [INFO] - Express server running on port 3000...
[ERC20 Contract API] [2025-05-29 12:33:26] [INFO] - POST /burn
[ERC20 Contract API] [2025-05-29 12:33:26] [INFO] - Start  ---      BURN
[ERC20 Contract API] [2025-05-29 12:33:26] [INFO] - Loading contract file from ./contracts.json...
[ERC20 Contract API] [2025-05-29 12:33:26] [INFO] - Loading 7 contracts...
[ERC20 Contract API] [2025-05-29 12:33:26] [INFO] - Loaded 7 contracts successfully.
[ERC20 Contract API] [2025-05-29 12:33:26] [ERROR] - Error: missing revert data (action="estimateGas", data=null, reason=null, transaction={ "data": "0x1eeece06000000000000000000000000fe295eed41fcdbeff63d6e0fa0814c13e945f4220000000000000000000000000000000000000000000000000000000000000001", "from": "0x86DF4B738D592c31F4A9A657D6c8d6D05DC1D462", "to": "0x66f4f02D8A6cbb1929d148BA6726cA50E0140676" }, invocation=null, revert=null, code=CALL_EXCEPTION, version=6.13.2)
[Default] [2025-05-29 12:34:30] [INFO] - STARTING APPLICATION
[ERC20 Contract API] [2025-05-29 12:34:30] [INFO] - INITIALIZING CONTROLLERS
[Default] [2025-05-29 12:34:30] [INFO] - BOOTSTRAPING APPLICATION
[ERC20 Contract API] [2025-05-29 12:34:30] [INFO] - STARTING API EXPOSITION
[ERC20 Contract API] [2025-05-29 12:34:30] [INFO] - STARTING API
[ERC20 Contract API] [2025-05-29 12:34:30] [INFO] - Express server running on port 3000...
[ERC20 Contract API] [2025-05-29 12:34:46] [INFO] - POST /burn
[ERC20 Contract API] [2025-05-29 12:34:46] [INFO] - Start  ---      BURN
[ERC20 Contract API] [2025-05-29 12:34:46] [INFO] - Loading contract file from ./contracts.json...
[ERC20 Contract API] [2025-05-29 12:34:46] [INFO] - Loading 7 contracts...
[ERC20 Contract API] [2025-05-29 12:34:46] [INFO] - Loaded 7 contracts successfully.
[ERC20 Contract API] [2025-05-29 12:34:48] [INFO] - Waiting for confirmations
[ERC20 Contract API] [2025-05-29 12:34:53] [INFO] - Start  ---    UNLOCK
[ERC20 Contract API] [2025-05-29 12:34:53] [INFO] - sin calculo de gas 
[ERC20 Contract API] [2025-05-29 12:34:53] [ERROR] - Error: could not coalesce error (error={ "code": -32004, "message": "Upfront cost exceeds account balance" }, payload={ "id": 11, "jsonrpc": "2.0", "method": "eth_sendRawTransaction", "params": [ "0xf8cc1e850df8475800832dc6c094b3017f3be01ab1b2c05f47989c2f9aae4190233c80b864d9caed12000000000000000000000000fe295eed41fcdbeff63d6e0fa0814c13e945f42200000000000000000000000066f4f02d8a6cbb1929d148ba6726ca50e01406760000000000000000000000000000000000000000000000000000000000000001820feba0debf777d7b7baf34135d14b38acc71c113508ff0b1e6de508c884baf4dec08b2a064dcbcb700b5cdb8b83c94bd2eb18405f262c6badab3ab078b3932a5d5e38658" ] }, code=UNKNOWN_ERROR, version=6.13.2)
[ERC20 Contract API] [2025-05-29 12:35:15] [INFO] - POST /burn
[ERC20 Contract API] [2025-05-29 12:35:15] [INFO] - Start  ---      BURN
[ERC20 Contract API] [2025-05-29 12:35:15] [INFO] - Loading contract file from ./contracts.json...
[ERC20 Contract API] [2025-05-29 12:35:15] [INFO] - Loading 7 contracts...
[ERC20 Contract API] [2025-05-29 12:35:15] [INFO] - Loaded 7 contracts successfully.
[ERC20 Contract API] [2025-05-29 12:35:15] [ERROR] - Error: missing revert data (action="estimateGas", data=null, reason=null, transaction={ "data": "0x1eeece06000000000000000000000000fe295eed41fcdbeff63d6e0fa0814c13e945f4220000000000000000000000000000000000000000000000000000000000000001", "from": "0x86DF4B738D592c31F4A9A657D6c8d6D05DC1D462", "to": "0x66f4f02D8A6cbb1929d148BA6726cA50E0140676" }, invocation=null, revert=null, code=CALL_EXCEPTION, version=6.13.2)
[Default] [2025-05-29 12:35:49] [INFO] - STARTING APPLICATION
[ERC20 Contract API] [2025-05-29 12:35:49] [INFO] - INITIALIZING CONTROLLERS
[Default] [2025-05-29 12:35:49] [INFO] - BOOTSTRAPING APPLICATION
[ERC20 Contract API] [2025-05-29 12:35:49] [INFO] - STARTING API EXPOSITION
[ERC20 Contract API] [2025-05-29 12:35:49] [INFO] - STARTING API
[ERC20 Contract API] [2025-05-29 12:35:49] [INFO] - Express server running on port 3000...
[ERC20 Contract API] [2025-05-29 12:35:53] [INFO] - POST /burn
[ERC20 Contract API] [2025-05-29 12:35:53] [INFO] - Start  ---      BURN
[ERC20 Contract API] [2025-05-29 12:35:53] [INFO] - Loading contract file from ./contracts.json...
[ERC20 Contract API] [2025-05-29 12:35:53] [INFO] - Loading 7 contracts...
[ERC20 Contract API] [2025-05-29 12:35:53] [INFO] - Loaded 7 contracts successfully.
[ERC20 Contract API] [2025-05-29 12:35:55] [INFO] - Waiting for confirmations
[ERC20 Contract API] [2025-05-29 12:36:04] [INFO] - Start  ---    UNLOCK
[ERC20 Contract API] [2025-05-29 12:36:05] [INFO] - sin calculo de gas 
[ERC20 Contract API] [2025-05-29 12:36:05] [ERROR] - Error: could not coalesce error (error={ "code": -32004, "message": "Upfront cost exceeds account balance" }, payload={ "id": 11, "jsonrpc": "2.0", "method": "eth_sendRawTransaction", "params": [ "0xf8cc1e850df8475800831e848094b3017f3be01ab1b2c05f47989c2f9aae4190233c80b864d9caed12000000000000000000000000fe295eed41fcdbeff63d6e0fa0814c13e945f42200000000000000000000000066f4f02d8a6cbb1929d148ba6726ca50e01406760000000000000000000000000000000000000000000000000000000000000001820feba0607288cd3082439a11b7984cf93d2995711965099fa101dc9655566cee4584d0a01e0d3cc9f8201110cb715ec23a4cf1c47f7df0a172c43d10a44dadec7ab69446" ] }, code=UNKNOWN_ERROR, version=6.13.2)
[ERC20 Contract API] [2025-05-29 12:36:23] [INFO] - POST /bridge
[ERC20 Contract API] [2025-05-29 12:36:23] [INFO] - Start     --       ApproveERC20
[ERC20 Contract API] [2025-05-29 12:36:23] [INFO] - Loading contract file from ./contracts.json...
[ERC20 Contract API] [2025-05-29 12:36:23] [INFO] - Loading 7 contracts...
[ERC20 Contract API] [2025-05-29 12:36:23] [INFO] - Loaded 7 contracts successfully.
[ERC20 Contract API] [2025-05-29 12:36:23] [INFO] - sin calculo de gas 
[ERC20 Contract API] [2025-05-29 12:36:23] [INFO] - Waiting for confirmations
[ERC20 Contract API] [2025-05-29 12:36:27] [INFO] - Approve transaction succeeded. Waiting 10 seconds...
[ERC20 Contract API] [2025-05-29 12:36:37] [INFO] - Start    --     Deposit
[ERC20 Contract API] [2025-05-29 12:36:38] [INFO] - sin calculo de gas 
[ERC20 Contract API] [2025-05-29 12:36:38] [INFO] - Waiting for confirmations
[ERC20 Contract API] [2025-05-29 12:36:42] [INFO] - Start    --     createRepresentativeBondToken
[ERC20 Contract API] [2025-05-29 12:36:45] [INFO] - Waiting for confirmations
[ERC20 Contract API] [2025-05-29 12:36:53] [INFO] - account in seco amoy: 0x739C0446B3d9d538c69A1a77e3A8A13aABea8F1F
[ERC20 Contract API] [2025-05-29 12:36:53] [INFO] - Start    --    Mint in amoy representative tokens
[ERC20 Contract API] [2025-05-29 12:36:55] [INFO] - Waiting for confirmations
[Default] [2025-05-29 12:37:45] [INFO] - STARTING APPLICATION
[ERC20 Contract API] [2025-05-29 12:37:45] [INFO] - INITIALIZING CONTROLLERS
[Default] [2025-05-29 12:37:45] [INFO] - BOOTSTRAPING APPLICATION
[ERC20 Contract API] [2025-05-29 12:37:45] [INFO] - STARTING API EXPOSITION
[ERC20 Contract API] [2025-05-29 12:37:45] [INFO] - STARTING API
[ERC20 Contract API] [2025-05-29 12:37:45] [INFO] - Express server running on port 3000...
[ERC20 Contract API] [2025-05-29 12:37:48] [INFO] - POST /burn
[ERC20 Contract API] [2025-05-29 12:37:48] [INFO] - Start  ---      BURN
[ERC20 Contract API] [2025-05-29 12:37:48] [INFO] - Loading contract file from ./contracts.json...
[ERC20 Contract API] [2025-05-29 12:37:48] [INFO] - Loading 7 contracts...
[ERC20 Contract API] [2025-05-29 12:37:48] [INFO] - Loaded 7 contracts successfully.
[ERC20 Contract API] [2025-05-29 12:37:50] [INFO] - Waiting for confirmations
[ERC20 Contract API] [2025-05-29 12:37:59] [INFO] - Start  ---    UNLOCK
[ERC20 Contract API] [2025-05-29 12:37:59] [INFO] - sin calculo de gas 
[ERC20 Contract API] [2025-05-29 12:38:00] [ERROR] - Error: could not coalesce error (error={ "code": -32004, "message": "Upfront cost exceeds account balance" }, payload={ "id": 11, "jsonrpc": "2.0", "method": "eth_sendRawTransaction", "params": [ "0xf8cc21850df8475800831e848094b3017f3be01ab1b2c05f47989c2f9aae4190233c80b864d9caed12000000000000000000000000fe295eed41fcdbeff63d6e0fa0814c13e945f42200000000000000000000000066f4f02d8a6cbb1929d148ba6726ca50e01406760000000000000000000000000000000000000000000000000000000000000001820feba09cdab188b61d4573d8c34f79189cf39b6abf8d47add8abb6a0e16f9525df9300a0792db9161dcefcdd6cb115f0a5453ef7d1a76b08f6038f7ec46e50293e24a083" ] }, code=UNKNOWN_ERROR, version=6.13.2)
[ERC20 Contract API] [2025-05-29 12:38:57] [INFO] - POST /createBond
[ERC20 Contract API] [2025-05-29 12:38:57] [INFO] - Start CreateBond  in Alastria 
[ERC20 Contract API] [2025-05-29 12:38:57] [INFO] - Loading contract file from ./contracts.json...
[ERC20 Contract API] [2025-05-29 12:38:57] [INFO] - Loading 7 contracts...
[ERC20 Contract API] [2025-05-29 12:38:57] [INFO] - Loaded 7 contracts successfully.
[ERC20 Contract API] [2025-05-29 12:38:57] [INFO] - sin calculo de gas 
[ERC20 Contract API] [2025-05-29 12:38:58] [INFO] - Waiting for confirmations
[ERC20 Contract API] [2025-05-29 12:39:35] [INFO] - POST /mintBond
[ERC20 Contract API] [2025-05-29 12:39:35] [INFO] -  mintBond
[ERC20 Contract API] [2025-05-29 12:39:35] [INFO] - Loading contract file from ./contracts.json...
[ERC20 Contract API] [2025-05-29 12:39:35] [INFO] - Loading 7 contracts...
[ERC20 Contract API] [2025-05-29 12:39:35] [INFO] - Loaded 7 contracts successfully.
[ERC20 Contract API] [2025-05-29 12:39:35] [INFO] - sin calculo de gas 
[ERC20 Contract API] [2025-05-29 12:39:35] [INFO] - Waiting for confirmations
[ERC20 Contract API] [2025-05-29 12:40:12] [INFO] - POST /bridge
[ERC20 Contract API] [2025-05-29 12:40:12] [INFO] - Start     --       ApproveERC20
[ERC20 Contract API] [2025-05-29 12:40:12] [INFO] - Loading contract file from ./contracts.json...
[ERC20 Contract API] [2025-05-29 12:40:12] [INFO] - Loading 7 contracts...
[ERC20 Contract API] [2025-05-29 12:40:12] [INFO] - Loaded 7 contracts successfully.
[ERC20 Contract API] [2025-05-29 12:40:12] [INFO] - sin calculo de gas 
[ERC20 Contract API] [2025-05-29 12:40:13] [INFO] - Waiting for confirmations
[ERC20 Contract API] [2025-05-29 12:40:17] [INFO] - Approve transaction succeeded. Waiting 10 seconds...
[ERC20 Contract API] [2025-05-29 12:40:27] [INFO] - Start    --     Deposit
[ERC20 Contract API] [2025-05-29 12:40:27] [INFO] - sin calculo de gas 
[ERC20 Contract API] [2025-05-29 12:40:28] [INFO] - Waiting for confirmations
[ERC20 Contract API] [2025-05-29 12:40:32] [INFO] - Start    --     createRepresentativeBondToken
[ERC20 Contract API] [2025-05-29 12:40:34] [INFO] - Waiting for confirmations
[ERC20 Contract API] [2025-05-29 12:40:39] [INFO] - account in seco amoy: 0xbF57eE910d9a52649b391Cc8cdE9B96821f667c4
[ERC20 Contract API] [2025-05-29 12:40:39] [INFO] - Start    --    Mint in amoy representative tokens
[ERC20 Contract API] [2025-05-29 12:40:41] [INFO] - Waiting for confirmations
[ERC20 Contract API] [2025-05-29 12:41:57] [INFO] - POST /burn
[ERC20 Contract API] [2025-05-29 12:41:57] [INFO] - Start  ---      BURN
[ERC20 Contract API] [2025-05-29 12:41:57] [INFO] - Loading contract file from ./contracts.json...
[ERC20 Contract API] [2025-05-29 12:41:57] [INFO] - Loading 7 contracts...
[ERC20 Contract API] [2025-05-29 12:41:57] [INFO] - Loaded 7 contracts successfully.
[ERC20 Contract API] [2025-05-29 12:41:59] [INFO] - Waiting for confirmations
[ERC20 Contract API] [2025-05-29 12:42:08] [INFO] - Start  ---    UNLOCK
[ERC20 Contract API] [2025-05-29 12:42:09] [INFO] - sin calculo de gas 
[ERC20 Contract API] [2025-05-29 12:42:09] [ERROR] - Error: could not coalesce error (error={ "code": -32004, "message": "Upfront cost exceeds account balance" }, payload={ "id": 11, "jsonrpc": "2.0", "method": "eth_sendRawTransaction", "params": [ "0xf8cc25850df8475800831e848094b3017f3be01ab1b2c05f47989c2f9aae4190233c80b864d9caed1200000000000000000000000007cf341751a9646e74bc09dcc406c0e006df3aa900000000000000000000000066f4f02d8a6cbb1929d148ba6726ca50e0140676000000000000000000000000000000000000000000000000000000000000000a820feca0fc253a11c797ab5d1d99b6efe76e3bd7f8d40bb157a71601a5a8c9b637b6660aa020de96e39c9ad81ccc69e22341f783b4d2d87c29191d3f15a3bdefd36ca6e5ea" ] }, code=UNKNOWN_ERROR, version=6.13.2)
[ERC20 Contract API] [2025-05-29 12:44:23] [INFO] - POST /burn
[ERC20 Contract API] [2025-05-29 12:44:23] [INFO] - Start  ---      BURN
[ERC20 Contract API] [2025-05-29 12:44:23] [INFO] - Loading contract file from ./contracts.json...
[ERC20 Contract API] [2025-05-29 12:44:23] [INFO] - Loading 7 contracts...
[ERC20 Contract API] [2025-05-29 12:44:23] [INFO] - Loaded 7 contracts successfully.
[ERC20 Contract API] [2025-05-29 12:44:23] [ERROR] - Error: execution reverted (no data present; likely require(false) occurred (action="estimateGas", data="0x", reason="require(false)", transaction={ "data": "0x1eeece0600000000000000000000000007cf341751a9646e74bc09dcc406c0e006df3aa9000000000000000000000000000000000000000000000000000000000000000a", "from": "0x86DF4B738D592c31F4A9A657D6c8d6D05DC1D462", "to": "0x66f4f02D8A6cbb1929d148BA6726cA50E0140676" }, invocation=null, revert=null, code=CALL_EXCEPTION, version=6.13.2)
[ERC20 Contract API] [2025-05-29 12:46:56] [INFO] - POST /createBond
[ERC20 Contract API] [2025-05-29 12:46:56] [INFO] - Start CreateBond  in Alastria 
[ERC20 Contract API] [2025-05-29 12:46:56] [INFO] - Loading contract file from ./contracts.json...
[ERC20 Contract API] [2025-05-29 12:46:56] [INFO] - Loading 7 contracts...
[ERC20 Contract API] [2025-05-29 12:46:56] [INFO] - Loaded 7 contracts successfully.
[ERC20 Contract API] [2025-05-29 12:46:57] [INFO] - sin calculo de gas 
[ERC20 Contract API] [2025-05-29 12:46:57] [INFO] - Waiting for confirmations
[ERC20 Contract API] [2025-05-29 12:47:19] [INFO] - POST /mintBond
[ERC20 Contract API] [2025-05-29 12:47:19] [INFO] -  mintBond
[ERC20 Contract API] [2025-05-29 12:47:19] [INFO] - Loading contract file from ./contracts.json...
[ERC20 Contract API] [2025-05-29 12:47:19] [INFO] - Loading 7 contracts...
[ERC20 Contract API] [2025-05-29 12:47:19] [INFO] - Loaded 7 contracts successfully.
[ERC20 Contract API] [2025-05-29 12:47:19] [INFO] - sin calculo de gas 
[ERC20 Contract API] [2025-05-29 12:47:19] [INFO] - Waiting for confirmations
[ERC20 Contract API] [2025-05-29 12:48:01] [INFO] - POST /bridge
[ERC20 Contract API] [2025-05-29 12:48:01] [INFO] - Start     --       ApproveERC20
[ERC20 Contract API] [2025-05-29 12:48:01] [INFO] - Loading contract file from ./contracts.json...
[ERC20 Contract API] [2025-05-29 12:48:01] [INFO] - Loading 7 contracts...
[ERC20 Contract API] [2025-05-29 12:48:01] [INFO] - Loaded 7 contracts successfully.
[ERC20 Contract API] [2025-05-29 12:48:01] [INFO] - sin calculo de gas 
[ERC20 Contract API] [2025-05-29 12:48:02] [INFO] - Waiting for confirmations
[ERC20 Contract API] [2025-05-29 12:48:06] [INFO] - Approve transaction succeeded. Waiting 10 seconds...
[ERC20 Contract API] [2025-05-29 12:48:16] [INFO] - Start    --     Deposit
[ERC20 Contract API] [2025-05-29 12:48:16] [INFO] - sin calculo de gas 
[ERC20 Contract API] [2025-05-29 12:48:17] [INFO] - Waiting for confirmations
[ERC20 Contract API] [2025-05-29 12:48:21] [INFO] - Start    --     createRepresentativeBondToken
[ERC20 Contract API] [2025-05-29 12:48:23] [INFO] - Waiting for confirmations
[ERC20 Contract API] [2025-05-29 12:48:32] [INFO] - account in seco amoy: 0x3De9248F66ABb985f3e45986f674a97522C7A469
[ERC20 Contract API] [2025-05-29 12:48:32] [INFO] - Start    --    Mint in amoy representative tokens
[ERC20 Contract API] [2025-05-29 12:48:34] [INFO] - Waiting for confirmations
[ERC20 Contract API] [2025-05-29 12:49:57] [INFO] - POST /burn
[ERC20 Contract API] [2025-05-29 12:49:57] [INFO] - Start  ---      BURN
[ERC20 Contract API] [2025-05-29 12:49:57] [INFO] - Loading contract file from ./contracts.json...
[ERC20 Contract API] [2025-05-29 12:49:57] [INFO] - Loading 7 contracts...
[ERC20 Contract API] [2025-05-29 12:49:57] [INFO] - Loaded 7 contracts successfully.
[ERC20 Contract API] [2025-05-29 12:49:59] [INFO] - Waiting for confirmations
[ERC20 Contract API] [2025-05-29 12:50:08] [INFO] - Start  ---    UNLOCK
[ERC20 Contract API] [2025-05-29 12:50:08] [INFO] - sin calculo de gas 
[ERC20 Contract API] [2025-05-29 12:50:09] [ERROR] - Error: could not coalesce error (error={ "code": -32004, "message": "Upfront cost exceeds account balance" }, payload={ "id": 11, "jsonrpc": "2.0", "method": "eth_sendRawTransaction", "params": [ "0xf8cc29850df8475800831e848094b3017f3be01ab1b2c05f47989c2f9aae4190233c80b864d9caed1200000000000000000000000033e1575a205a624aea767f0a02f2251d7eee59a70000000000000000000000001587d048cbc17d37e48adfbcf8f2b4464ecb15fd000000000000000000000000000000000000000000000000000000000000000a820feca0afee2da3b2e6bbf50e8fe93c8eb00eef236004fe2d7359bccd2bc97969e67a20a07bfcd4376621e84b4063b8692622892fedf513ba4a36d8ac0ecbfdb0490a1b30" ] }, code=UNKNOWN_ERROR, version=6.13.2)
[Default] [2025-05-29 12:54:21] [INFO] - STARTING APPLICATION
[ERC20 Contract API] [2025-05-29 12:54:21] [INFO] - INITIALIZING CONTROLLERS
[Default] [2025-05-29 12:54:21] [INFO] - BOOTSTRAPING APPLICATION
[ERC20 Contract API] [2025-05-29 12:54:21] [INFO] - STARTING API EXPOSITION
[ERC20 Contract API] [2025-05-29 12:54:21] [INFO] - STARTING API
[ERC20 Contract API] [2025-05-29 12:54:21] [INFO] - Express server running on port 3000...
[ERC20 Contract API] [2025-05-29 12:57:47] [INFO] - POST /burn
[ERC20 Contract API] [2025-05-29 12:57:47] [INFO] - Start  ---      BURN
[ERC20 Contract API] [2025-05-29 12:57:47] [INFO] - Loading contract file from ./contracts.json...
[ERC20 Contract API] [2025-05-29 12:57:47] [INFO] - Loading 7 contracts...
[ERC20 Contract API] [2025-05-29 12:57:47] [INFO] - Loaded 7 contracts successfully.
[ERC20 Contract API] [2025-05-29 12:57:49] [INFO] - Waiting for confirmations
[ERC20 Contract API] [2025-05-29 12:57:58] [INFO] - Start  ---    UNLOCK
[ERC20 Contract API] [2025-05-29 13:04:47] [INFO] - INITIALIZING CONTROLLERS
[Default] [2025-05-29 13:04:47] [INFO] - STARTING APPLICATION
[ERC20 Contract API] [2025-05-29 13:04:47] [INFO] - STARTING API EXPOSITION
[Default] [2025-05-29 13:04:47] [INFO] - BOOTSTRAPING APPLICATION
[ERC20 Contract API] [2025-05-29 13:04:47] [INFO] - STARTING API
[ERC20 Contract API] [2025-05-29 13:04:47] [INFO] - Express server running on port 3000...
[Default] [2025-05-29 13:05:23] [INFO] - STARTING APPLICATION
[ERC20 Contract API] [2025-05-29 13:05:23] [INFO] - INITIALIZING CONTROLLERS
[Default] [2025-05-29 13:05:23] [INFO] - BOOTSTRAPING APPLICATION
[ERC20 Contract API] [2025-05-29 13:05:23] [INFO] - STARTING API EXPOSITION
[ERC20 Contract API] [2025-05-29 13:05:23] [INFO] - STARTING API
[ERC20 Contract API] [2025-05-29 13:05:23] [INFO] - Express server running on port 3000...
[ERC20 Contract API] [2025-05-29 13:06:11] [INFO] - POST /burn
[ERC20 Contract API] [2025-05-29 13:06:11] [INFO] - Start  ---      BURN
[ERC20 Contract API] [2025-05-29 13:06:11] [INFO] - Loading contract file from ./contracts.json...
[ERC20 Contract API] [2025-05-29 13:06:11] [INFO] - Loading 7 contracts...
[ERC20 Contract API] [2025-05-29 13:06:11] [INFO] - Loaded 7 contracts successfully.
[ERC20 Contract API] [2025-05-29 13:06:14] [INFO] - Waiting for confirmations
[ERC20 Contract API] [2025-05-29 13:06:19] [INFO] - Start  ---    UNLOCK
[ERC20 Contract API] [2025-05-29 13:06:19] [INFO] - Start  ---    UNLOCK
[ERC20 Contract API] [2025-05-29 13:06:19] [INFO] - sin calculo de gas 
[ERC20 Contract API] [2025-05-29 13:06:20] [ERROR] - Error: could not coalesce error (error={ "code": -32004, "message": "Upfront cost exceeds account balance" }, payload={ "id": 11, "jsonrpc": "2.0", "method": "eth_sendRawTransaction", "params": [ "0xf8cc2a850df8475800831e848094b3017f3be01ab1b2c05f47989c2f9aae4190233c80b864d9caed1200000000000000000000000033e1575a205a624aea767f0a02f2251d7eee59a70000000000000000000000001587d048cbc17d37e48adfbcf8f2b4464ecb15fd000000000000000000000000000000000000000000000000000000000000000a820feca070cc9d86f7d840c71c3da6f9cffe485fb405d13fe34b115769280d5073e27746a01ed18803509aa38f37340294fb803d3f5d1feb331907c44501fc954c99d3b561" ] }, code=UNKNOWN_ERROR, version=6.13.2)
[Default] [2025-05-29 13:07:41] [INFO] - STARTING APPLICATION
[ERC20 Contract API] [2025-05-29 13:07:41] [INFO] - INITIALIZING CONTROLLERS
[Default] [2025-05-29 13:07:41] [INFO] - BOOTSTRAPING APPLICATION
[ERC20 Contract API] [2025-05-29 13:07:41] [INFO] - STARTING API EXPOSITION
[ERC20 Contract API] [2025-05-29 13:07:41] [INFO] - STARTING API
[ERC20 Contract API] [2025-05-29 13:07:41] [INFO] - Express server running on port 3000...
[ERC20 Contract API] [2025-05-29 13:07:58] [INFO] - POST /burn
[ERC20 Contract API] [2025-05-29 13:07:58] [INFO] - Start  ---      BURN
[ERC20 Contract API] [2025-05-29 13:07:58] [INFO] - Loading contract file from ./contracts.json...
[ERC20 Contract API] [2025-05-29 13:07:58] [INFO] - Loading 7 contracts...
[ERC20 Contract API] [2025-05-29 13:07:58] [INFO] - Loaded 7 contracts successfully.
[ERC20 Contract API] [2025-05-29 13:08:00] [INFO] - Waiting for confirmations
[ERC20 Contract API] [2025-05-29 13:08:05] [INFO] - Start  ---    UNLOCK
[ERC20 Contract API] [2025-05-29 13:08:05] [INFO] - Start  ---    UNLOCK
[ERC20 Contract API] [2025-05-29 13:08:06] [INFO] - sin calculo de gas 
[ERC20 Contract API] [2025-05-29 13:08:06] [INFO] - Waiting for confirmations
[ERC20 Contract API] [2025-05-29 13:08:48] [INFO] - POST /burn
[ERC20 Contract API] [2025-05-29 13:08:48] [INFO] - Start  ---      BURN
[ERC20 Contract API] [2025-05-29 13:08:48] [INFO] - Loading contract file from ./contracts.json...
[ERC20 Contract API] [2025-05-29 13:08:48] [INFO] - Loading 7 contracts...
[ERC20 Contract API] [2025-05-29 13:08:48] [INFO] - Loaded 7 contracts successfully.
[ERC20 Contract API] [2025-05-29 13:08:50] [INFO] - Waiting for confirmations
[Default] [2025-05-29 13:09:03] [INFO] - STARTING APPLICATION
[ERC20 Contract API] [2025-05-29 13:09:03] [INFO] - INITIALIZING CONTROLLERS
[Default] [2025-05-29 13:09:03] [INFO] - BOOTSTRAPING APPLICATION
[ERC20 Contract API] [2025-05-29 13:09:03] [INFO] - STARTING API EXPOSITION
[ERC20 Contract API] [2025-05-29 13:09:03] [INFO] - STARTING API
[ERC20 Contract API] [2025-05-29 13:09:03] [INFO] - Express server running on port 3000...
[ERC20 Contract API] [2025-05-29 13:09:21] [INFO] - POST /burn
[ERC20 Contract API] [2025-05-29 13:09:21] [INFO] - Start  ---      BURN
[ERC20 Contract API] [2025-05-29 13:09:21] [INFO] - Loading contract file from ./contracts.json...
[ERC20 Contract API] [2025-05-29 13:09:21] [INFO] - Loading 7 contracts...
[ERC20 Contract API] [2025-05-29 13:09:21] [INFO] - Loaded 7 contracts successfully.
[ERC20 Contract API] [2025-05-29 13:09:23] [INFO] - Waiting for confirmations
[ERC20 Contract API] [2025-05-29 13:09:32] [INFO] - Start  ---    UNLOCK
[ERC20 Contract API] [2025-05-29 13:09:32] [INFO] - Start  ---    UNLOCK
[ERC20 Contract API] [2025-05-29 13:09:32] [INFO] - sin calculo de gas 
[ERC20 Contract API] [2025-05-29 13:09:33] [ERROR] - Error: could not coalesce error (error={ "code": -32004, "message": "Upfront cost exceeds account balance" }, payload={ "id": 11, "jsonrpc": "2.0", "method": "eth_sendRawTransaction", "params": [ "0xf8cc2b850df8475800831e848094b3017f3be01ab1b2c05f47989c2f9aae4190233c80b864d9caed1200000000000000000000000033e1575a205a624aea767f0a02f2251d7eee59a70000000000000000000000001587d048cbc17d37e48adfbcf8f2b4464ecb15fd000000000000000000000000000000000000000000000000000000000000000a820feca024e6aeaa028444bba44ae4b3286a438edf6deb09a9f77598eb94876f19be0946a03c28fe0725a3ef21d0450c758de6796ccf8b359a62cbfb4319e8c9431eb0e776" ] }, code=UNKNOWN_ERROR, version=6.13.2)
[ERC20 Contract API] [2025-05-29 13:10:02] [INFO] - POST /burn
[ERC20 Contract API] [2025-05-29 13:10:02] [INFO] - Start  ---      BURN
[ERC20 Contract API] [2025-05-29 13:10:02] [INFO] - Loading contract file from ./contracts.json...
[ERC20 Contract API] [2025-05-29 13:10:02] [INFO] - Loading 7 contracts...
[ERC20 Contract API] [2025-05-29 13:10:02] [INFO] - Loaded 7 contracts successfully.
[ERC20 Contract API] [2025-05-29 13:10:04] [INFO] - Waiting for confirmations
[ERC20 Contract API] [2025-05-29 13:10:13] [INFO] - Start  ---    UNLOCK
[ERC20 Contract API] [2025-05-29 13:10:13] [INFO] - Start  ---    UNLOCK
[ERC20 Contract API] [2025-05-29 13:10:13] [INFO] - sin calculo de gas 
[ERC20 Contract API] [2025-05-29 13:10:14] [ERROR] - Error: could not coalesce error (error={ "code": -32004, "message": "Upfront cost exceeds account balance" }, payload={ "id": 11, "jsonrpc": "2.0", "method": "eth_sendRawTransaction", "params": [ "0xf8cc2b850df8475800831e848094b3017f3be01ab1b2c05f47989c2f9aae4190233c80b864d9caed1200000000000000000000000033e1575a205a624aea767f0a02f2251d7eee59a70000000000000000000000001587d048cbc17d37e48adfbcf8f2b4464ecb15fd000000000000000000000000000000000000000000000000000000000000000a820feca024e6aeaa028444bba44ae4b3286a438edf6deb09a9f77598eb94876f19be0946a03c28fe0725a3ef21d0450c758de6796ccf8b359a62cbfb4319e8c9431eb0e776" ] }, code=UNKNOWN_ERROR, version=6.13.2)
[Default] [2025-05-29 13:10:30] [INFO] - STARTING APPLICATION
[ERC20 Contract API] [2025-05-29 13:10:30] [INFO] - INITIALIZING CONTROLLERS
[Default] [2025-05-29 13:10:30] [INFO] - BOOTSTRAPING APPLICATION
[ERC20 Contract API] [2025-05-29 13:10:30] [INFO] - STARTING API EXPOSITION
[ERC20 Contract API] [2025-05-29 13:10:30] [INFO] - STARTING API
[ERC20 Contract API] [2025-05-29 13:10:30] [INFO] - Express server running on port 3000...
[ERC20 Contract API] [2025-05-29 13:10:38] [INFO] - POST /burn
[ERC20 Contract API] [2025-05-29 13:10:38] [INFO] - Start  ---      BURN
[ERC20 Contract API] [2025-05-29 13:10:38] [INFO] - Loading contract file from ./contracts.json...
[ERC20 Contract API] [2025-05-29 13:10:38] [INFO] - Loading 7 contracts...
[ERC20 Contract API] [2025-05-29 13:10:38] [INFO] - Loaded 7 contracts successfully.
[ERC20 Contract API] [2025-05-29 13:10:41] [INFO] - Waiting for confirmations
[ERC20 Contract API] [2025-05-29 13:10:54] [INFO] - Start  ---    UNLOCK
[ERC20 Contract API] [2025-05-29 13:10:54] [INFO] - Start  ---    UNLOCK
[ERC20 Contract API] [2025-05-29 13:10:54] [INFO] - sin calculo de gas 
[ERC20 Contract API] [2025-05-29 13:10:55] [INFO] - Waiting for confirmations
[ERC20 Contract API] [2025-05-29 13:11:24] [INFO] - POST /createBond
[ERC20 Contract API] [2025-05-29 13:11:24] [INFO] - Start CreateBond  in Alastria 
[ERC20 Contract API] [2025-05-29 13:11:24] [INFO] - Loading contract file from ./contracts.json...
[ERC20 Contract API] [2025-05-29 13:11:24] [INFO] - Loading 7 contracts...
[ERC20 Contract API] [2025-05-29 13:11:24] [INFO] - Loaded 7 contracts successfully.
[ERC20 Contract API] [2025-05-29 13:11:24] [INFO] - sin calculo de gas 
[ERC20 Contract API] [2025-05-29 13:11:25] [INFO] - Waiting for confirmations
[ERC20 Contract API] [2025-05-29 13:11:54] [INFO] - POST /mintBond
[ERC20 Contract API] [2025-05-29 13:11:54] [INFO] -  mintBond
[ERC20 Contract API] [2025-05-29 13:11:54] [INFO] - Loading contract file from ./contracts.json...
[ERC20 Contract API] [2025-05-29 13:11:54] [INFO] - Loading 7 contracts...
[ERC20 Contract API] [2025-05-29 13:11:54] [INFO] - Loaded 7 contracts successfully.
[ERC20 Contract API] [2025-05-29 13:11:55] [INFO] - sin calculo de gas 
[ERC20 Contract API] [2025-05-29 13:11:55] [INFO] - Waiting for confirmations
[ERC20 Contract API] [2025-05-29 13:12:22] [INFO] - POST /bridge
[ERC20 Contract API] [2025-05-29 13:12:22] [INFO] - Start     --       ApproveERC20
[ERC20 Contract API] [2025-05-29 13:12:22] [INFO] - Loading contract file from ./contracts.json...
[ERC20 Contract API] [2025-05-29 13:12:22] [INFO] - Loading 7 contracts...
[ERC20 Contract API] [2025-05-29 13:12:22] [INFO] - Loaded 7 contracts successfully.
[ERC20 Contract API] [2025-05-29 13:12:22] [INFO] - sin calculo de gas 
[ERC20 Contract API] [2025-05-29 13:12:22] [INFO] - Waiting for confirmations
[ERC20 Contract API] [2025-05-29 13:12:27] [INFO] - Approve transaction succeeded. Waiting 10 seconds...
[ERC20 Contract API] [2025-05-29 13:12:37] [INFO] - Start    --     Deposit
[ERC20 Contract API] [2025-05-29 13:12:37] [INFO] - sin calculo de gas 
[ERC20 Contract API] [2025-05-29 13:12:37] [INFO] - Waiting for confirmations
[ERC20 Contract API] [2025-05-29 13:12:42] [INFO] - Start    --     createRepresentativeBondToken
[ERC20 Contract API] [2025-05-29 13:12:44] [INFO] - Waiting for confirmations
[ERC20 Contract API] [2025-05-29 13:12:53] [INFO] - account in seco amoy: 0xa30fA81349976601687301Cfd1F4b6fA160CA94c
[ERC20 Contract API] [2025-05-29 13:12:53] [INFO] - Start    --    Mint in amoy representative tokens
[ERC20 Contract API] [2025-05-29 13:12:55] [INFO] - Waiting for confirmations
[ERC20 Contract API] [2025-05-29 13:13:27] [INFO] - POST /burn
[ERC20 Contract API] [2025-05-29 13:13:27] [INFO] - Start  ---      BURN
[ERC20 Contract API] [2025-05-29 13:13:27] [INFO] - Loading contract file from ./contracts.json...
[ERC20 Contract API] [2025-05-29 13:13:27] [INFO] - Loading 7 contracts...
[ERC20 Contract API] [2025-05-29 13:13:27] [INFO] - Loaded 7 contracts successfully.
[ERC20 Contract API] [2025-05-29 13:13:29] [INFO] - Waiting for confirmations
[ERC20 Contract API] [2025-05-29 13:13:38] [INFO] - Start  ---    UNLOCK
[ERC20 Contract API] [2025-05-29 13:13:38] [INFO] - Start  ---    UNLOCK
[ERC20 Contract API] [2025-05-29 13:13:38] [INFO] - sin calculo de gas 
[ERC20 Contract API] [2025-05-29 13:13:38] [INFO] - Waiting for confirmations
>>>>>>> origin/dev
