[Default] [2025-08-01 09:48:10] [INFO] - STARTING APPLICATION
[ERC20 Contract API] [2025-08-01 09:48:10] [INFO] - INITIALIZING CONTROLLERS
[Default] [2025-08-01 09:48:10] [INFO] - BOOTSTRAPING APPLICATION
[ERC20 Contract API] [2025-08-01 09:48:10] [INFO] - STARTING API EXPOSITION
[ERC20 Contract API] [2025-08-01 09:48:10] [INFO] - STARTING API
[ERC20 Contract API] [2025-08-01 09:48:10] [INFO] - Express server running on port 4000...
[ERC20 Contract API] [2025-08-01 09:48:26] [INFO] - POST /createAccount
[ERC20 Contract API] [2025-08-01 09:48:26] [INFO] - CREATING IN alastria
[ERC20 Contract API] [2025-08-01 09:48:26] [INFO] - Loading contract file from ./contracts.json...
[ERC20 Contract API] [2025-08-01 09:48:26] [INFO] - Loading 1 contracts...
[ERC20 Contract API] [2025-08-01 09:48:26] [INFO] - Loaded 1 contracts successfully.
[ERC20 Contract API] [2025-08-01 09:48:27] [INFO] - sin calculo de gas 
[ERC20 Contract API] [2025-08-01 09:48:27] [INFO] - Waiting for confirmations
[ERC20 Contract API] [2025-08-01 09:48:31] [INFO] - account alastri: 0x339a0792aC18D9A2C0fe5b2a1044cC0Bd2a8cA99
[ERC20 Contract API] [2025-08-01 09:50:30] [INFO] - INITIALIZING CONTROLLERS
[Default] [2025-08-01 09:50:30] [INFO] - STARTING APPLICATION
[ERC20 Contract API] [2025-08-01 09:50:30] [INFO] - STARTING API EXPOSITION
[Default] [2025-08-01 09:50:30] [INFO] - BOOTSTRAPING APPLICATION
[ERC20 Contract API] [2025-08-01 09:50:30] [INFO] - STARTING API
[ERC20 Contract API] [2025-08-01 09:50:30] [INFO] - Express server running on port 4000...
